This is pdfeTeX, Version 3.141592-1.21a-2.2 (Web2C 7.5.4) (format=latex 2010.9.23)  10 NOV 2010 00:48
entering extended mode
**surface_painting.tex
(./surface_painting.tex
LaTeX2e <2003/12/01>
Babel <v3.8d> and hyphenation patterns for american, french, german, ngerman, b
ahasa, basque, bulgarian, catalan, croatian, czech, danish, dutch, esperanto, e
stonian, finnish, greek, icelandic, irish, italian, latin, magyar, norsk, polis
h, portuges, romanian, russian, serbian, slovak, slovene, spanish, swedish, tur
kish, ukrainian, nohyphenation, loaded.
(/usr/share/texmf-tetex/tex/latex/base/article.cls
Document Class: article 2004/02/16 v1.4f Standard LaTeX document class
(/usr/share/texmf-tetex/tex/latex/base/size10.clo
File: size10.clo 2004/02/16 v1.4f Standard LaTeX file (size option)
)
\c@part=\count79
\c@section=\count80
\c@subsection=\count81
\c@subsubsection=\count82
\c@paragraph=\count83
\c@subparagraph=\count84
\c@figure=\count85
\c@table=\count86
\abovecaptionskip=\skip41
\belowcaptionskip=\skip42
\bibindent=\dimen102
)
(/usr/share/texmf-tetex/tex/latex/psnfss/times.sty
Package: times 2004/09/15 PSNFSS-v9.2 (SPQR) 
)
(/usr/share/texmf-tetex/tex/latex/tools/theorem.sty
Package: theorem 1995/11/23 v2.2c Theorem extension package (FMi)
\theorem@style=\toks14
\theorem@bodyfont=\toks15
\theorempreskipamount=\skip43
\theorempostskipamount=\skip44

(/usr/share/texmf-tetex/tex/latex/tools/thp.sty
File: thp.sty 1995/11/23 v2.2c Theorem extension package (FMi)
))
(/usr/share/texmf-tetex/tex/latex/base/latexsym.sty
Package: latexsym 1998/08/17 v2.2e Standard LaTeX package (lasy symbols)
\symlasy=\mathgroup4
LaTeX Font Info:    Overwriting symbol font `lasy' in version `bold'
(Font)                  U/lasy/m/n --> U/lasy/b/n on input line 47.
)
(/usr/share/texmf-tetex/tex/latex/float/float.sty
Package: float 2001/11/08 v1.3d Float enhancements (AL)
\c@float@type=\count87
\float@exts=\toks16
\float@box=\box26
\@float@everytoks=\toks17
\@floatcapt=\box27
)
(/usr/share/texmf-tetex/tex/latex/graphics/graphicx.sty
Package: graphicx 1999/02/16 v1.0f Enhanced LaTeX Graphics (DPC,SPQR)

(/usr/share/texmf-tetex/tex/latex/graphics/keyval.sty
Package: keyval 1999/03/16 v1.13 key=value parser (DPC)
\KV@toks@=\toks18
)
(/usr/share/texmf-tetex/tex/latex/graphics/graphics.sty
Package: graphics 2001/07/07 v1.0n Standard LaTeX Graphics (DPC,SPQR)

(/usr/share/texmf-tetex/tex/latex/graphics/trig.sty
Package: trig 1999/03/16 v1.09 sin cos tan (DPC)
)
(/usr/share/texmf-tetex/tex/latex/graphics/graphics.cfg
File: graphics.cfg 2005/02/03 v1.3 graphics configuration of teTeX/TeXLive
)
Package graphics Info: Driver file: dvips.def on input line 80.

(/usr/share/texmf-tetex/tex/latex/graphics/dvips.def
File: dvips.def 1999/02/16 v3.0i Driver-dependant file (DPC,SPQR)
))
\Gin@req@height=\dimen103
\Gin@req@width=\dimen104
)

! LaTeX Error: File `psfig.sty' not found.

Type X to quit or <RETURN> to proceed,
or enter new name. (Default extension: sty)

Enter file name: 
(./surface_painting.aux)
\openout1 = `surface_painting.aux'.

LaTeX Font Info:    Checking defaults for OML/cmm/m/it on input line 23.
LaTeX Font Info:    ... okay on input line 23.
LaTeX Font Info:    Checking defaults for T1/cmr/m/n on input line 23.
LaTeX Font Info:    ... okay on input line 23.
LaTeX Font Info:    Checking defaults for OT1/cmr/m/n on input line 23.
LaTeX Font Info:    ... okay on input line 23.
LaTeX Font Info:    Checking defaults for OMS/cmsy/m/n on input line 23.
LaTeX Font Info:    ... okay on input line 23.
LaTeX Font Info:    Checking defaults for OMX/cmex/m/n on input line 23.
LaTeX Font Info:    ... okay on input line 23.
LaTeX Font Info:    Checking defaults for U/cmr/m/n on input line 23.
LaTeX Font Info:    ... okay on input line 23.
LaTeX Font Info:    Try loading font information for OT1+ptm on input line 23.
 (/usr/share/texmf-tetex/tex/latex/psnfss/ot1ptm.fd
File: ot1ptm.fd 2001/06/04 font definitions for OT1/ptm.
)
LaTeX Font Info:    External font `cmex10' loaded for size
(Font)              <12> on input line 40.
LaTeX Font Info:    External font `cmex10' loaded for size
(Font)              <8> on input line 40.
LaTeX Font Info:    External font `cmex10' loaded for size
(Font)              <6> on input line 40.
LaTeX Font Info:    Try loading font information for U+lasy on input line 40.

(/usr/share/texmf-tetex/tex/latex/base/ulasy.fd
File: ulasy.fd 1998/08/17 v2.2e LaTeX symbol font definitions
)
LaTeX Font Info:    Try loading font information for OMS+ptm on input line 40.

(/usr/share/texmf-tetex/tex/latex/psnfss/omsptm.fd
File: omsptm.fd 
)
LaTeX Font Info:    Font shape `OMS/ptm/m/n' in size <12> not available
(Font)              Font shape `OMS/cmsy/m/n' tried instead on input line 40.
LaTeX Font Info:    Font shape `OT1/ptm/bx/n' in size <14.4> not available
(Font)              Font shape `OT1/ptm/b/n' tried instead on input line 42.
LaTeX Font Info:    Font shape `OT1/ptm/bx/n' in size <10> not available
(Font)              Font shape `OT1/ptm/b/n' tried instead on input line 60.


! LaTeX Error: Cannot determine size of graphic in workbench.png (no BoundingBo
x).

See the LaTeX manual or LaTeX Companion for explanation.
Type  H <return>  for immediate help.
 ...                                              
                                                  
l.91 \includegraphics[scale=0.5]{workbench.png}
                                               
? 
File: workbench.png Graphic file (type eps)
<workbench.png>
Underfull \vbox (badness 1033) has occurred while \output is active []

 [1


]

! LaTeX Error: Cannot determine size of graphic in QuadTexSubd.png (no Bounding
Box).

See the LaTeX manual or LaTeX Companion for explanation.
Type  H <return>  for immediate help.
 ...                                              
                                                  
l.201 \includegraphics{QuadTexSubd.png}
                                       
? 
File: QuadTexSubd.png Graphic file (type eps)
<QuadTexSubd.png>

! LaTeX Error: Cannot determine size of graphic in TriTexSubd.png (no BoundingB
ox).

See the LaTeX manual or LaTeX Companion for explanation.
Type  H <return>  for immediate help.
 ...                                              
                                                  
l.209 \includegraphics{TriTexSubd.png}
                                      
? 
File: TriTexSubd.png Graphic file (type eps)
<TriTexSubd.png>
Underfull \vbox (badness 2600) has occurred while \output is active []



! LaTeX Error: Cannot determine size of graphic in basemesh.png (no BoundingBox
).

See the LaTeX manual or LaTeX Companion for explanation.
Type  H <return>  for immediate help.
 ...                                              
                                                  
l.250 \includegraphics[scale=0.5]{basemesh.png}
                                               
? 
File: basemesh.png Graphic file (type eps)
<basemesh.png>

! LaTeX Error: Cannot determine size of graphic in subdmesh.png (no BoundingBox
).

See the LaTeX manual or LaTeX Companion for explanation.
Type  H <return>  for immediate help.
 ...                                              
                                                  
l.268 \includegraphics[scale=0.5]{subdmesh.png}
                                               
? 
File: subdmesh.png Graphic file (type eps)
<subdmesh.png> [2]
LaTeX Font Info:    Font shape `OT1/ptm/bx/n' in size <12> not available
(Font)              Font shape `OT1/ptm/b/n' tried instead on input line 283.


! LaTeX Error: Cannot determine size of graphic in BrushStroke1.png (no Boundin
gBox).

See the LaTeX manual or LaTeX Companion for explanation.
Type  H <return>  for immediate help.
 ...                                              
                                                  
l.309 \includegraphics{BrushStroke1.png}
                                        
? 
File: BrushStroke1.png Graphic file (type eps)
<BrushStroke1.png>

! LaTeX Error: Cannot determine size of graphic in 2Dto3DMovementVector.png (no
 BoundingBox).

See the LaTeX manual or LaTeX Companion for explanation.
Type  H <return>  for immediate help.
 ...                                              
                                                  
l.336 \includegraphics{2Dto3DMovementVector.png}
                                                
? 
File: 2Dto3DMovementVector.png Graphic file (type eps)
<2Dto3DMovementVector.png> [3]

! LaTeX Error: Cannot determine size of graphic in BrushStroke2.png (no Boundin
gBox).

See the LaTeX manual or LaTeX Companion for explanation.
Type  H <return>  for immediate help.
 ...                                              
                                                  
l.384 ...ludegraphics[scale=0.6]{BrushStroke2.png}
                                                  
? 
File: BrushStroke2.png Graphic file (type eps)
<BrushStroke2.png>

! LaTeX Error: Cannot determine size of graphic in PaintedFaces.png (no Boundin
gBox).

See the LaTeX manual or LaTeX Companion for explanation.
Type  H <return>  for immediate help.
 ...                                              
                                                  
l.439 \includegraphics{PaintedFaces.png}
                                        
? 
File: PaintedFaces.png Graphic file (type eps)
<PaintedFaces.png>

! LaTeX Error: Cannot determine size of graphic in BothSidesPainted.png (no Bou
ndingBox).

See the LaTeX manual or LaTeX Companion for explanation.
Type  H <return>  for immediate help.
 ...                                              
                                                  
l.447 \includegraphics{BothSidesPainted.png}
                                            
? 
File: BothSidesPainted.png Graphic file (type eps)
<BothSidesPainted.png>
Underfull \hbox (badness 1189) in paragraph at lines 456--471
\OT1/ptm/m/n/10 Cor-po-ra-tion. The semi-immersive en-vi-ron-ment al-lows
 []

[4]

! LaTeX Error: Cannot determine size of graphic in SurfaceBrushDecomposition.pn
g (no BoundingBox).

See the LaTeX manual or LaTeX Companion for explanation.
Type  H <return>  for immediate help.
 ...                                              
                                                  
l.495 ...degraphics{SurfaceBrushDecomposition.png}
                                                  
? 
File: SurfaceBrushDecomposition.png Graphic file (type eps)
<SurfaceBrushDecomposition.png>
Underfull \vbox (badness 3568) has occurred while \output is active []

 [5]

! LaTeX Error: Cannot determine size of graphic in VRBunny1.png (no BoundingBox
).

See the LaTeX manual or LaTeX Companion for explanation.
Type  H <return>  for immediate help.
 ...                                              
                                                  
l.605 \includegraphics[scale=0.5]{VRBunny1.png}
                                               
? 
File: VRBunny1.png Graphic file (type eps)
<VRBunny1.png>

! LaTeX Error: Cannot determine size of graphic in face1.png (no BoundingBox).

See the LaTeX manual or LaTeX Companion for explanation.
Type  H <return>  for immediate help.
 ...                                              
                                                  
l.613 \includegraphics[scale=0.50]{face1.png}
                                             
? 
File: face1.png Graphic file (type eps)
<face1.png> (./surface_painting.bbl
Underfull \hbox (badness 1107) in paragraph at lines 4--8
[]\OT1/ptm/m/n/10 Maneesh Agrawala, An-drew C. Beers, and Marc
 []


Underfull \hbox (badness 1067) in paragraph at lines 10--15
[]\OT1/ptm/m/n/10 Henning Bier-mann, Adi Levin, and De-nis Zorin.
 []

[6]
Underfull \hbox (badness 4765) in paragraph at lines 47--52
[]\OT1/ptm/m/n/10 Hugues Hoppe, Tony DeRose, Tom Duchamp,
 []

) [7] (./surface_painting.aux)

LaTeX Warning: Label(s) may have changed. Rerun to get cross-references right.

 ) 
Here is how much of TeX's memory you used:
 767 strings out of 94501
 10068 string characters out of 1175794
 60207 words of memory out of 1000000
 3945 multiletter control sequences out of 10000+50000
 10827 words of font info for 34 fonts, out of 500000 for 2000
 580 hyphenation exceptions out of 8191
 25i,10n,19p,1186b,294s stack positions out of 1500i,500n,5000p,200000b,5000s

Output written on surface_painting.dvi (7 pages, 41900 bytes).
